C:\Users\うしお\Desktop\Juceテスト\メニューバー_フォントこれでたぶんおｋ\ConsoleEmpty\Debug\cl.command.1.tlog
C:\Users\うしお\Desktop\Juceテスト\メニューバー_フォントこれでたぶんおｋ\ConsoleEmpty\Debug\CL.read.1.tlog
C:\Users\うしお\Desktop\Juceテスト\メニューバー_フォントこれでたぶんおｋ\ConsoleEmpty\Debug\CL.write.1.tlog
C:\USERS\うしお\DESKTOP\JUCEテスト\メニューバー_フォントこれでたぶんおｋ\CONSOLEEMPTY\DEBUG\CONSOLEEMPTY.EXE.EMBED.MANIFEST
C:\USERS\うしお\DESKTOP\JUCEテスト\メニューバー_フォントこれでたぶんおｋ\CONSOLEEMPTY\DEBUG\CONSOLEEMPTY.EXE.EMBED.MANIFEST.RES
C:\USERS\うしお\DESKTOP\JUCEテスト\メニューバー_フォントこれでたぶんおｋ\CONSOLEEMPTY\DEBUG\CONSOLEEMPTY.EXE.INTERMEDIATE.MANIFEST
C:\Users\うしお\Desktop\Juceテスト\メニューバー_フォントこれでたぶんおｋ\ConsoleEmpty\Debug\ConsoleEmpty_manifest.rc
C:\Users\うしお\Desktop\Juceテスト\メニューバー_フォントこれでたぶんおｋ\ConsoleEmpty\Debug\link.command.1.tlog
C:\Users\うしお\Desktop\Juceテスト\メニューバー_フォントこれでたぶんおｋ\ConsoleEmpty\Debug\link.read.1.tlog
C:\Users\うしお\Desktop\Juceテスト\メニューバー_フォントこれでたぶんおｋ\ConsoleEmpty\Debug\link.write.1.tlog
C:\Users\うしお\Desktop\Juceテスト\メニューバー_フォントこれでたぶんおｋ\ConsoleEmpty\Debug\link-cvtres.read.1.tlog
C:\Users\うしお\Desktop\Juceテスト\メニューバー_フォントこれでたぶんおｋ\ConsoleEmpty\Debug\link-cvtres.write.1.tlog
C:\USERS\うしお\DESKTOP\JUCEテスト\メニューバー_フォントこれでたぶんおｋ\CONSOLEEMPTY\DEBUG\MAIN.OBJ
C:\Users\うしお\Desktop\Juceテスト\メニューバー_フォントこれでたぶんおｋ\ConsoleEmpty\Debug\mt.command.1.tlog
C:\Users\うしお\Desktop\Juceテスト\メニューバー_フォントこれでたぶんおｋ\ConsoleEmpty\Debug\mt.read.1.tlog
C:\Users\うしお\Desktop\Juceテスト\メニューバー_フォントこれでたぶんおｋ\ConsoleEmpty\Debug\mt.write.1.tlog
C:\Users\うしお\Desktop\Juceテスト\メニューバー_フォントこれでたぶんおｋ\ConsoleEmpty\Debug\rc.command.1.tlog
C:\Users\うしお\Desktop\Juceテスト\メニューバー_フォントこれでたぶんおｋ\ConsoleEmpty\Debug\rc.read.1.tlog
C:\Users\うしお\Desktop\Juceテスト\メニューバー_フォントこれでたぶんおｋ\ConsoleEmpty\Debug\rc.write.1.tlog
C:\Users\うしお\Desktop\Juceテスト\メニューバー_フォントこれでたぶんおｋ\ConsoleEmpty\Debug\vc100.idb
C:\USERS\うしお\DESKTOP\JUCEテスト\メニューバー_フォントこれでたぶんおＫ\CONSOLEEMPTY\DEBUG\VC100.PDB
C:\USERS\うしお\DESKTOP\JUCEテスト\メニューバー_フォントこれでたぶんおｋ\DEBUG\CONSOLEEMPTY.EXE
C:\USERS\うしお\DESKTOP\JUCEテスト\メニューバー_フォントこれでたぶんおｋ\DEBUG\CONSOLEEMPTY.ILK
C:\USERS\うしお\DESKTOP\JUCEテスト\メニューバー_フォントこれでたぶんおＫ\DEBUG\CONSOLEEMPTY.PDB
